  Application.cpp
  background.cpp
E:\moje\kodziki\opengl\RoofTopsJumper\RoofTopsJumper\src\VertexBuffer.h(3,10): error C1083:  Cannot open include file: 'GL\glew.h': No such file or directory
  Camera.cpp
E:\moje\kodziki\opengl\RoofTopsJumper\RoofTopsJumper\src\VertexBuffer.h(3,10): error C1083:  Cannot open include file: 'GL\glew.h': No such file or directory
  character.cpp
E:\moje\kodziki\opengl\RoofTopsJumper\RoofTopsJumper\src\Camera.h(5,10): error C1083:  Cannot open include file: 'GL/glew.h': No such file or directory
  collisions.cpp
E:\moje\kodziki\opengl\RoofTopsJumper\RoofTopsJumper\src\VertexBuffer.h(3,10): error C1083:  Cannot open include file: 'GL\glew.h': No such file or directory
  Game.cpp
E:\moje\kodziki\opengl\RoofTopsJumper\RoofTopsJumper\src\collisions.h(5,10): error C1083:  Cannot open include file: 'glm/glm.hpp': No such file or directory
  map.cpp
E:\moje\kodziki\opengl\RoofTopsJumper\RoofTopsJumper\src\VertexBuffer.h(3,10): error C1083:  Cannot open include file: 'GL\glew.h': No such file or directory
  Renderer.cpp
E:\moje\kodziki\opengl\RoofTopsJumper\RoofTopsJumper\src\VertexBuffer.h(3,10): error C1083:  Cannot open include file: 'GL\glew.h': No such file or directory
  Shader.cpp
E:\moje\kodziki\opengl\RoofTopsJumper\RoofTopsJumper\src\VertexBuffer.h(3,10): error C1083:  Cannot open include file: 'GL\glew.h': No such file or directory
  Texture.cpp
E:\moje\kodziki\opengl\RoofTopsJumper\RoofTopsJumper\src\VertexBuffer.h(3,10): error C1083:  Cannot open include file: 'GL\glew.h': No such file or directory
  stb_image.cpp
  VertexArray.cpp
E:\moje\kodziki\opengl\RoofTopsJumper\RoofTopsJumper\src\VertexBuffer.h(3,10): error C1083:  Cannot open include file: 'GL\glew.h': No such file or directory
  VertexBuffer.cpp
E:\moje\kodziki\opengl\RoofTopsJumper\RoofTopsJumper\src\VertexBuffer.h(3,10): error C1083:  Cannot open include file: 'GL\glew.h': No such file or directory
  Generating Code...
E:\moje\kodziki\opengl\RoofTopsJumper\RoofTopsJumper\src\VertexBuffer.h(3,10): error C1083:  Cannot open include file: 'GL\glew.h': No such file or directory
